<?xml version="1.0" encoding="UTF-8"?>
<!-- Generated by org.testng.reporters.JUnitReportReporter -->
<testsuite skipped="0" hostname="DESKTOP-G23FB35" name="Testcase.Rediffloginpage" tests="1" failures="0" timestamp="2023-02-17T18:58:25 IST" time="13.940" errors="0">
  <testcase name="login" time="13.940" classname="Testcase.Rediffloginpage"/>
  <system-out/>
</testsuite> <!-- Testcase.Rediffloginpage -->
