<?xml version="1.0" encoding="UTF-8"?>
<!-- Generated by org.testng.reporters.JUnitReportReporter -->
<testsuite skipped="0" hostname="DESKTOP-G23FB35" name="Testcase.loginpage" tests="1" failures="0" timestamp="2023-02-19T22:12:59 IST" time="11.180" errors="0">
  <testcase name="login" time="11.180" classname="Testcase.loginpage"/>
  <system-out/>
</testsuite> <!-- Testcase.loginpage -->
